{"timestamp":"2024-03-15T08:00:01.000Z","message":[2,"boot-001","BootNotification",{"chargePointVendor":"Exicom","chargePointModel":"EVC-7kW","chargePointSerialNumber":"EXI-2024-00312","firmwareVersion":"v2.4.1"}]}
{"timestamp":"2024-03-15T08:00:01.500Z","message":[3,"boot-001",{"status":"Accepted","currentTime":"2024-03-15T08:00:01.000Z","interval":60}]}
{"timestamp":"2024-03-15T08:00:02.000Z","message":[2,"status-001","StatusNotification",{"connectorId":1,"errorCode":"NoError","status":"Available","timestamp":"2024-03-15T08:00:02.000Z"}]}
{"timestamp":"2024-03-15T08:00:02.100Z","message":[3,"status-001",{}]}
{"timestamp":"2024-03-15T08:01:00.000Z","message":[2,"hb-001","Heartbeat",{}]}
{"timestamp":"2024-03-15T08:01:00.050Z","message":[3,"hb-001",{"currentTime":"2024-03-15T08:01:00.000Z"}]}
{"timestamp":"2024-03-15T08:15:00.000Z","message":[2,"auth-001","Authorize",{"idTag":"RFID-AA-001"}]}
{"timestamp":"2024-03-15T08:15:00.100Z","message":[3,"auth-001",{"idTagInfo":{"status":"Accepted"}}]}
{"timestamp":"2024-03-15T08:15:01.000Z","message":[2,"status-002","StatusNotification",{"connectorId":1,"errorCode":"NoError","status":"Preparing","timestamp":"2024-03-15T08:15:01.000Z"}]}
{"timestamp":"2024-03-15T08:15:01.100Z","message":[3,"status-002",{}]}
{"timestamp":"2024-03-15T08:15:03.000Z","message":[2,"start-001","StartTransaction",{"connectorId":1,"idTag":"RFID-AA-001","meterStart":150200,"timestamp":"2024-03-15T08:15:03.000Z"}]}
{"timestamp":"2024-03-15T08:15:03.200Z","message":[3,"start-001",{"transactionId":1001,"idTagInfo":{"status":"Accepted"}}]}
{"timestamp":"2024-03-15T08:15:05.000Z","message":[2,"status-003","StatusNotification",{"connectorId":1,"errorCode":"NoError","status":"Charging","timestamp":"2024-03-15T08:15:05.000Z"}]}
{"timestamp":"2024-03-15T08:15:05.100Z","message":[3,"status-003",{}]}
{"timestamp":"2024-03-15T09:30:00.000Z","message":[2,"mv-001","MeterValues",{"connectorId":1,"transactionId":1001,"meterValue":[{"timestamp":"2024-03-15T09:30:00.000Z","sampledValue":[{"value":"158700","unit":"Wh","measurand":"Energy.Active.Import.Register"}]}]}]}
{"timestamp":"2024-03-15T09:30:00.100Z","message":[3,"mv-001",{}]}
{"timestamp":"2024-03-15T10:45:10.000Z","message":[2,"stop-001","StopTransaction",{"transactionId":1001,"meterStop":168500,"timestamp":"2024-03-15T10:45:10.000Z","reason":"Local"}]}
{"timestamp":"2024-03-15T10:45:10.200Z","message":[3,"stop-001",{"idTagInfo":{"status":"Accepted"}}]}
{"timestamp":"2024-03-15T10:45:12.000Z","message":[2,"status-004","StatusNotification",{"connectorId":1,"errorCode":"NoError","status":"Finishing","timestamp":"2024-03-15T10:45:12.000Z"}]}
{"timestamp":"2024-03-15T10:45:12.100Z","message":[3,"status-004",{}]}
{"timestamp":"2024-03-15T10:45:20.000Z","message":[2,"status-005","StatusNotification",{"connectorId":1,"errorCode":"NoError","status":"Available","timestamp":"2024-03-15T10:45:20.000Z"}]}
{"timestamp":"2024-03-15T10:45:20.100Z","message":[3,"status-005",{}]}
{"timestamp":"2024-03-15T11:00:00.000Z","message":[2,"auth-002","Authorize",{"idTag":"RFID-BB-002"}]}
{"timestamp":"2024-03-15T11:00:00.100Z","message":[3,"auth-002",{"idTagInfo":{"status":"Accepted"}}]}
{"timestamp":"2024-03-15T11:00:02.000Z","message":[2,"start-002","StartTransaction",{"connectorId":1,"idTag":"RFID-BB-002","meterStart":168500,"timestamp":"2024-03-15T11:00:02.000Z"}]}
{"timestamp":"2024-03-15T11:00:02.200Z","message":[3,"start-002",{"transactionId":1002,"idTagInfo":{"status":"Accepted"}}]}
{"timestamp":"2024-03-15T11:00:04.000Z","message":[2,"status-006","StatusNotification",{"connectorId":1,"errorCode":"NoError","status":"Charging","timestamp":"2024-03-15T11:00:04.000Z"}]}
{"timestamp":"2024-03-15T11:00:04.100Z","message":[3,"status-006",{}]}
{"timestamp":"2024-03-15T11:22:00.000Z","message":[2,"status-007","StatusNotification",{"connectorId":1,"errorCode":"HighTemperature","status":"Faulted","info":"Internal temperature exceeded 65°C","timestamp":"2024-03-15T11:22:00.000Z"}]}
{"timestamp":"2024-03-15T11:22:00.100Z","message":[3,"status-007",{}]}
{"timestamp":"2024-03-15T11:22:05.000Z","message":[2,"stop-002","StopTransaction",{"transactionId":1002,"meterStop":171800,"timestamp":"2024-03-15T11:22:05.000Z","reason":"EmergencyStop"}]}
{"timestamp":"2024-03-15T11:22:05.200Z","message":[3,"stop-002",{"idTagInfo":{"status":"Accepted"}}]}
{"timestamp":"2024-03-15T11:25:00.000Z","message":[2,"status-008","StatusNotification",{"connectorId":1,"errorCode":"NoError","status":"Available","timestamp":"2024-03-15T11:25:00.000Z"}]}
{"timestamp":"2024-03-15T11:25:00.100Z","message":[3,"status-008",{}]}
{"timestamp":"2024-03-15T12:05:00.000Z","message":[2,"auth-003","Authorize",{"idTag":"RFID-CC-003"}]}
{"timestamp":"2024-03-15T12:05:00.100Z","message":[3,"auth-003",{"idTagInfo":{"status":"Accepted"}}]}
{"timestamp":"2024-03-15T12:05:03.000Z","message":[2,"start-003","StartTransaction",{"connectorId":1,"idTag":"RFID-CC-003","meterStart":171800,"timestamp":"2024-03-15T12:05:03.000Z"}]}
{"timestamp":"2024-03-15T12:05:03.200Z","message":[3,"start-003",{"transactionId":1003,"idTagInfo":{"status":"Accepted"}}]}
{"timestamp":"2024-03-15T14:30:15.000Z","message":[2,"stop-003","StopTransaction",{"transactionId":1003,"meterStop":187650,"timestamp":"2024-03-15T14:30:15.000Z","reason":"Remote"}]}
{"timestamp":"2024-03-15T14:30:15.200Z","message":[3,"stop-003",{"idTagInfo":{"status":"Accepted"}}]}
{"timestamp":"2024-03-15T15:10:00.000Z","message":[2,"status-009","StatusNotification",{"connectorId":1,"errorCode":"WeakSignal","status":"Unavailable","info":"LTE signal lost","timestamp":"2024-03-15T15:10:00.000Z"}]}
{"timestamp":"2024-03-15T15:10:00.100Z","message":[3,"status-009",{}]}
{"timestamp":"2024-03-15T15:10:30.000Z","message":[4,"reset-cmd-001","GenericError","Remote reset failed — charger unresponsive",{}]}
{"timestamp":"2024-03-15T15:12:00.000Z","message":[2,"status-010","StatusNotification",{"connectorId":1,"errorCode":"NoError","status":"Available","timestamp":"2024-03-15T15:12:00.000Z"}]}
{"timestamp":"2024-03-15T15:12:00.100Z","message":[3,"status-010",{}]}
{"timestamp":"2024-03-15T16:00:00.000Z","message":[2,"auth-004","Authorize",{"idTag":"RFID-DD-004"}]}
{"timestamp":"2024-03-15T16:00:00.100Z","message":[3,"auth-004",{"idTagInfo":{"status":"Accepted"}}]}
{"timestamp":"2024-03-15T16:00:05.000Z","message":[2,"start-004","StartTransaction",{"connectorId":1,"idTag":"RFID-DD-004","meterStart":187650,"timestamp":"2024-03-15T16:00:05.000Z"}]}
{"timestamp":"2024-03-15T16:00:05.200Z","message":[3,"start-004",{"transactionId":1004,"idTagInfo":{"status":"Accepted"}}]}